\BOOKMARK [1][-]{section.1}{Criba de Erat\363stenes}{}% 1
\BOOKMARK [2][-]{subsection.1.1}{Introducci\363n}{section.1}% 2
\BOOKMARK [2][-]{subsection.1.2}{Descripci\363n}{section.1}% 3
\BOOKMARK [2][-]{subsection.1.3}{Implementaci\363n}{section.1}% 4
\BOOKMARK [2][-]{subsection.1.4}{Complejidad Temporal}{section.1}% 5
\BOOKMARK [1][-]{section.2}{Criba Segmentada}{}% 6
\BOOKMARK [2][-]{subsection.2.1}{Introducci\363n}{section.2}% 7
\BOOKMARK [2][-]{subsection.2.2}{Descripci\363n}{section.2}% 8
\BOOKMARK [2][-]{subsection.2.3}{Implementaci\363n}{section.2}% 9
\BOOKMARK [2][-]{subsection.2.4}{Complejidad Temporal}{section.2}% 10
\BOOKMARK [1][-]{section.3}{Problemas}{}% 11
\BOOKMARK [2][-]{subsection.3.1}{N\372meros casi primos}{section.3}% 12
\BOOKMARK [3][-]{subsubsection.3.1.1}{Descripci\363n}{subsection.3.1}% 13
\BOOKMARK [3][-]{subsubsection.3.1.2}{Soluci\363n}{subsection.3.1}% 14
\BOOKMARK [2][-]{subsection.3.2}{Doble felicidad}{section.3}% 15
\BOOKMARK [3][-]{subsubsection.3.2.1}{Descripci\363n}{subsection.3.2}% 16
\BOOKMARK [3][-]{subsubsection.3.2.2}{Soluci\363n}{subsection.3.2}% 17
\BOOKMARK [2][-]{subsection.3.3}{Mi ni\361a bonita Noora}{section.3}% 18
\BOOKMARK [3][-]{subsubsection.3.3.1}{Descripci\363n}{subsection.3.3}% 19
\BOOKMARK [3][-]{subsubsection.3.3.2}{Soluci\363n}{subsection.3.3}% 20
